
> vite_react_shadcn_ts@0.0.0 dev
> vite


  VITE v5.4.10  ready in 608 ms

  ➜  Local:   http://localhost:3000/
  ➜  Network: http://192.192.2.166:3000/
Browserslist: browsers data (caniuse-lite) is 7 months old. Please run:
  npx update-browserslist-db@latest
  Why you should do it regularly: https://github.com/browserslist/update-db#readme
Files in the public directory are served at the root path.
Instead of /public/WhatsApp Image 2025-04-19 at 21.40.09.jpeg, use /WhatsApp Image 2025-04-19 at 21.40.09.jpeg.
Files in the public directory are served at the root path.
Instead of /public/Frame 33644 (1).png, use /Frame 33644 (1).png.
Files in the public directory are served at the root path.
Instead of /public/Frame 33662.png, use /Frame 33662.png.
7:32:57 AM [vite] hmr update /src/pages/BookingDetails.tsx, /src/index.css
7:32:57 AM [vite] hmr update /src/pages/Index.tsx, /src/index.css
7:33:16 AM [vite] hmr update /src/pages/BookingDetails.tsx, /src/index.css
7:33:34 AM [vite] hmr update /src/pages/BookingDetails.tsx, /src/index.css
7:33:36 AM [vite] hmr update /src/pages/BookingDetails.tsx, /src/index.css
7:33:38 AM [vite] hmr update /src/pages/BookingDetails.tsx, /src/index.css
7:33:40 AM [vite] hmr update /src/pages/BookingDetails.tsx, /src/index.css
7:34:18 AM [vite] hmr update /src/pages/BookingDetails.tsx, /src/index.css
7:34:20 AM [vite] hmr update /src/pages/BookingDetails.tsx, /src/index.css
7:34:22 AM [vite] hmr update /src/pages/BookingDetails.tsx, /src/index.css
7:34:23 AM [vite] hmr update /src/pages/BookingDetails.tsx, /src/index.css
7:34:25 AM [vite] hmr update /src/pages/BookingDetails.tsx, /src/index.css
7:34:29 AM [vite] hmr update /src/pages/BookingDetails.tsx, /src/index.css
7:34:44 AM [vite] hmr update /src/pages/Index.tsx, /src/index.css
7:34:44 AM [vite] hmr update /src/pages/BookingDetails.tsx, /src/index.css
7:37:30 AM [vite] hmr update /src/components/layout/Footer.tsx, /src/index.css
7:40:58 AM [vite] hmr update /src/pages/Index.tsx, /src/index.css
7:44:37 AM [vite] hmr update /src/contexts/language-context.tsx, /src/index.css
7:44:37 AM [vite] hmr invalidate /src/contexts/language-context.tsx Could not Fast Refresh ("useLanguage" export is incompatible). Learn more at https://github.com/vitejs/vite-plugin-react-swc#consistent-components-exports
7:44:37 AM [vite] hmr update /src/App.tsx, /src/index.css, /src/pages/Index.tsx, /src/pages/HelpCenter.tsx, /src/pages/Gallery.tsx, /src/pages/Login.tsx, /src/pages/Register.tsx, /src/pages/Rooms.tsx, /src/pages/Profile.tsx, /src/pages/BookingDetails.tsx, /src/pages/PaymentGuide.tsx, /src/pages/ForgotPassword.tsx, /src/pages/RoomBooking.tsx, /src/components/layout/Footer.tsx, /src/components/home/Location.tsx, /src/components/layout/Header.tsx, /src/components/home/Facilities.tsx, /src/components/home/Reviews.tsx, /src/components/home/RoomDetails.tsx, /src/components/home/Hero.tsx
7:44:48 AM [vite] hmr update /src/contexts/language-context.tsx, /src/index.css
7:44:48 AM [vite] hmr invalidate /src/contexts/language-context.tsx Could not Fast Refresh ("useLanguage" export is incompatible). Learn more at https://github.com/vitejs/vite-plugin-react-swc#consistent-components-exports
7:44:48 AM [vite] hmr update /src/App.tsx, /src/index.css, /src/pages/Index.tsx, /src/pages/HelpCenter.tsx, /src/pages/Gallery.tsx, /src/pages/Login.tsx, /src/pages/Register.tsx, /src/pages/Rooms.tsx, /src/pages/Profile.tsx, /src/pages/BookingDetails.tsx, /src/pages/PaymentGuide.tsx, /src/pages/ForgotPassword.tsx, /src/pages/RoomBooking.tsx, /src/components/layout/Footer.tsx, /src/components/home/Location.tsx, /src/components/layout/Header.tsx, /src/components/home/Facilities.tsx, /src/components/home/Reviews.tsx, /src/components/home/RoomDetails.tsx, /src/components/home/Hero.tsx
7:45:02 AM [vite] hmr update /src/pages/Index.tsx, /src/index.css
7:45:15 AM [vite] hmr update /src/components/home/Hero.tsx, /src/index.css
Files in the public directory are served at the root path.
Instead of /public/WhatsApp Image 2025-04-19 at 21.40.09.jpeg, use /WhatsApp Image 2025-04-19 at 21.40.09.jpeg.
Files in the public directory are served at the root path.
Instead of /public/Frame 33644 (1).png, use /Frame 33644 (1).png.
Files in the public directory are served at the root path.
Instead of /public/Frame 33662.png, use /Frame 33662.png.
Files in the public directory are served at the root path.
Instead of /public/WhatsApp Image 2025-04-19 at 21.40.09.jpeg, use /WhatsApp Image 2025-04-19 at 21.40.09.jpeg.
Files in the public directory are served at the root path.
Instead of /public/WhatsApp Image 2025-04-19 at 21.40.09.jpeg, use /WhatsApp Image 2025-04-19 at 21.40.09.jpeg.
Files in the public directory are served at the root path.
Instead of /public/Frame 33644 (1).png, use /Frame 33644 (1).png.
Files in the public directory are served at the root path.
Instead of /public/Frame 33662.png, use /Frame 33662.png.
7:46:19 AM [vite] hmr update /src/pages/Index.tsx, /src/index.css
Files in the public directory are served at the root path.
Instead of /public/WhatsApp Image 2025-04-19 at 21.40.09.jpeg, use /WhatsApp Image 2025-04-19 at 21.40.09.jpeg.
Files in the public directory are served at the root path.
Instead of /public/Frame 33644 (1).png, use /Frame 33644 (1).png.
Files in the public directory are served at the root path.
Instead of /public/Frame 33662.png, use /Frame 33662.png.
Files in the public directory are served at the root path.
Instead of /public/Frame 33662.png, use /Frame 33662.png.
Files in the public directory are served at the root path.
Instead of /public/WhatsApp Image 2025-04-19 at 21.40.09.jpeg, use /WhatsApp Image 2025-04-19 at 21.40.09.jpeg.
Files in the public directory are served at the root path.
Instead of /public/Frame 33644 (1).png, use /Frame 33644 (1).png.
8:16:09 AM [vite] hmr update /src/components/home/Location.tsx, /src/index.css
8:16:37 AM [vite] hmr update /src/components/home/Location.tsx, /src/index.css
8:16:52 AM [vite] hmr update /src/components/home/Location.tsx, /src/index.css
8:17:05 AM [vite] hmr update /src/components/home/Location.tsx, /src/index.css
8:17:20 AM [vite] hmr update /src/components/home/Location.tsx, /src/index.css
8:46:18 AM [vite] hmr update /src/components/home/Location.tsx, /src/index.css
8:46:35 AM [vite] hmr update /src/components/home/Location.tsx, /src/index.css
8:52:19 AM [vite] hmr update /src/pages/Gallery.tsx, /src/index.css
8:53:02 AM [vite] hmr update /src/pages/Gallery.tsx, /src/index.css
8:53:17 AM [vite] hmr update /src/pages/Gallery.tsx, /src/index.css
8:53:35 AM [vite] hmr update /src/pages/Gallery.tsx, /src/index.css
8:53:54 AM [vite] hmr update /src/pages/Gallery.tsx, /src/index.css
8:54:40 AM [vite] hmr update /src/pages/Gallery.tsx, /src/index.css
8:55:54 AM [vite] hmr update /src/contexts/language-context.tsx, /src/index.css
8:55:54 AM [vite] hmr invalidate /src/contexts/language-context.tsx Could not Fast Refresh ("useLanguage" export is incompatible). Learn more at https://github.com/vitejs/vite-plugin-react-swc#consistent-components-exports
8:55:54 AM [vite] hmr update /src/App.tsx, /src/index.css, /src/pages/Index.tsx, /src/pages/HelpCenter.tsx, /src/pages/Gallery.tsx, /src/pages/Login.tsx, /src/pages/Register.tsx, /src/pages/Rooms.tsx, /src/pages/Profile.tsx, /src/pages/BookingDetails.tsx, /src/pages/PaymentGuide.tsx, /src/pages/ForgotPassword.tsx, /src/pages/RoomBooking.tsx, /src/components/layout/Footer.tsx, /src/components/home/Location.tsx, /src/components/layout/Header.tsx, /src/components/home/Facilities.tsx, /src/components/home/Reviews.tsx, /src/components/home/RoomDetails.tsx, /src/components/home/Hero.tsx
8:56:22 AM [vite] hmr update /src/contexts/language-context.tsx, /src/index.css
8:56:22 AM [vite] hmr invalidate /src/contexts/language-context.tsx Could not Fast Refresh ("useLanguage" export is incompatible). Learn more at https://github.com/vitejs/vite-plugin-react-swc#consistent-components-exports
8:56:22 AM [vite] hmr update /src/App.tsx, /src/index.css, /src/pages/Index.tsx, /src/pages/HelpCenter.tsx, /src/pages/Gallery.tsx, /src/pages/Login.tsx, /src/pages/Register.tsx, /src/pages/Rooms.tsx, /src/pages/Profile.tsx, /src/pages/BookingDetails.tsx, /src/pages/PaymentGuide.tsx, /src/pages/ForgotPassword.tsx, /src/pages/RoomBooking.tsx, /src/components/layout/Footer.tsx, /src/components/home/Location.tsx, /src/components/layout/Header.tsx, /src/components/home/Facilities.tsx, /src/components/home/Reviews.tsx, /src/components/home/RoomDetails.tsx, /src/components/home/Hero.tsx
8:56:47 AM [vite] hmr update /src/pages/Gallery.tsx, /src/index.css
8:57:18 AM [vite] hmr update /src/pages/Gallery.tsx, /src/index.css
9:01:38 AM [vite] hmr update /src/contexts/language-context.tsx, /src/index.css
9:01:38 AM [vite] hmr invalidate /src/contexts/language-context.tsx Could not Fast Refresh ("useLanguage" export is incompatible). Learn more at https://github.com/vitejs/vite-plugin-react-swc#consistent-components-exports
9:01:38 AM [vite] hmr update /src/App.tsx, /src/index.css, /src/pages/Index.tsx, /src/pages/HelpCenter.tsx, /src/pages/Gallery.tsx, /src/pages/Login.tsx, /src/pages/Register.tsx, /src/pages/Rooms.tsx, /src/pages/Profile.tsx, /src/pages/BookingDetails.tsx, /src/pages/PaymentGuide.tsx, /src/pages/ForgotPassword.tsx, /src/pages/RoomBooking.tsx, /src/components/layout/Footer.tsx, /src/components/home/Location.tsx, /src/components/layout/Header.tsx, /src/components/home/Facilities.tsx, /src/components/home/Reviews.tsx, /src/components/home/RoomDetails.tsx, /src/components/home/Hero.tsx
9:02:07 AM [vite] hmr update /src/contexts/language-context.tsx, /src/index.css
9:02:08 AM [vite] hmr invalidate /src/contexts/language-context.tsx Could not Fast Refresh ("useLanguage" export is incompatible). Learn more at https://github.com/vitejs/vite-plugin-react-swc#consistent-components-exports
9:02:08 AM [vite] hmr update /src/App.tsx, /src/index.css, /src/pages/Index.tsx, /src/pages/HelpCenter.tsx, /src/pages/Gallery.tsx, /src/pages/Login.tsx, /src/pages/Register.tsx, /src/pages/Rooms.tsx, /src/pages/Profile.tsx, /src/pages/BookingDetails.tsx, /src/pages/PaymentGuide.tsx, /src/pages/ForgotPassword.tsx, /src/pages/RoomBooking.tsx, /src/components/layout/Footer.tsx, /src/components/home/Location.tsx, /src/components/layout/Header.tsx, /src/components/home/Facilities.tsx, /src/components/home/Reviews.tsx, /src/components/home/RoomDetails.tsx, /src/components/home/Hero.tsx
9:02:29 AM [vite] hmr update /src/pages/Gallery.tsx, /src/index.css
9:04:30 AM [vite] hmr update /src/contexts/language-context.tsx, /src/index.css
9:04:30 AM [vite] hmr invalidate /src/contexts/language-context.tsx Could not Fast Refresh ("useLanguage" export is incompatible). Learn more at https://github.com/vitejs/vite-plugin-react-swc#consistent-components-exports
9:04:30 AM [vite] hmr update /src/App.tsx, /src/index.css, /src/pages/Index.tsx, /src/pages/HelpCenter.tsx, /src/pages/Gallery.tsx, /src/pages/Login.tsx, /src/pages/Register.tsx, /src/pages/Rooms.tsx, /src/pages/Profile.tsx, /src/pages/BookingDetails.tsx, /src/pages/PaymentGuide.tsx, /src/pages/ForgotPassword.tsx, /src/pages/RoomBooking.tsx, /src/components/layout/Footer.tsx, /src/components/home/Location.tsx, /src/components/layout/Header.tsx, /src/components/home/Facilities.tsx, /src/components/home/Reviews.tsx, /src/components/home/RoomDetails.tsx, /src/components/home/Hero.tsx
9:04:48 AM [vite] hmr update /src/contexts/language-context.tsx, /src/index.css
9:04:48 AM [vite] hmr invalidate /src/contexts/language-context.tsx Could not Fast Refresh ("useLanguage" export is incompatible). Learn more at https://github.com/vitejs/vite-plugin-react-swc#consistent-components-exports
9:04:48 AM [vite] hmr update /src/App.tsx, /src/index.css, /src/pages/Index.tsx, /src/pages/HelpCenter.tsx, /src/pages/Gallery.tsx, /src/pages/Login.tsx, /src/pages/Register.tsx, /src/pages/Rooms.tsx, /src/pages/Profile.tsx, /src/pages/BookingDetails.tsx, /src/pages/PaymentGuide.tsx, /src/pages/ForgotPassword.tsx, /src/pages/RoomBooking.tsx, /src/components/layout/Footer.tsx, /src/components/home/Location.tsx, /src/components/layout/Header.tsx, /src/components/home/Facilities.tsx, /src/components/home/Reviews.tsx, /src/components/home/RoomDetails.tsx, /src/components/home/Hero.tsx
9:07:49 AM [vite] hmr update /src/pages/Gallery.tsx, /src/index.css
9:08:03 AM [vite] hmr update /src/pages/Gallery.tsx, /src/index.css
9:34:20 AM [vite] hmr update /src/pages/Gallery.tsx, /src/index.css
9:34:32 AM [vite] hmr update /src/pages/Gallery.tsx, /src/index.css
9:35:09 AM [vite] hmr update /src/pages/Gallery.tsx, /src/index.css
9:56:43 AM [vite] hmr update /src/pages/Gallery.tsx, /src/index.css
9:57:01 AM [vite] hmr update /src/pages/Gallery.tsx, /src/index.css
10:03:49 AM [vite] hmr update /src/pages/Gallery.tsx, /src/index.css
10:03:59 AM [vite] hmr update /src/pages/Gallery.tsx, /src/index.css
10:04:13 AM [vite] hmr update /src/pages/Gallery.tsx, /src/index.css
10:04:37 AM [vite] hmr update /src/pages/Gallery.tsx, /src/index.css
10:05:39 AM [vite] hmr update /src/contexts/language-context.tsx, /src/index.css
10:05:39 AM [vite] hmr invalidate /src/contexts/language-context.tsx Could not Fast Refresh ("useLanguage" export is incompatible). Learn more at https://github.com/vitejs/vite-plugin-react-swc#consistent-components-exports
10:05:39 AM [vite] hmr update /src/App.tsx, /src/index.css, /src/pages/Index.tsx, /src/pages/HelpCenter.tsx, /src/pages/Gallery.tsx, /src/pages/Login.tsx, /src/pages/Register.tsx, /src/pages/Rooms.tsx, /src/pages/Profile.tsx, /src/pages/BookingDetails.tsx, /src/pages/PaymentGuide.tsx, /src/pages/ForgotPassword.tsx, /src/pages/RoomBooking.tsx, /src/components/layout/Footer.tsx, /src/components/home/Location.tsx, /src/components/layout/Header.tsx, /src/components/home/Facilities.tsx, /src/components/home/Reviews.tsx, /src/components/home/RoomDetails.tsx, /src/components/home/Hero.tsx
10:05:57 AM [vite] hmr update /src/contexts/language-context.tsx, /src/index.css
10:05:57 AM [vite] hmr invalidate /src/contexts/language-context.tsx Could not Fast Refresh ("useLanguage" export is incompatible). Learn more at https://github.com/vitejs/vite-plugin-react-swc#consistent-components-exports
10:05:57 AM [vite] hmr update /src/App.tsx, /src/index.css, /src/pages/Index.tsx, /src/pages/HelpCenter.tsx, /src/pages/Gallery.tsx, /src/pages/Login.tsx, /src/pages/Register.tsx, /src/pages/Rooms.tsx, /src/pages/Profile.tsx, /src/pages/BookingDetails.tsx, /src/pages/PaymentGuide.tsx, /src/pages/ForgotPassword.tsx, /src/pages/RoomBooking.tsx, /src/components/layout/Footer.tsx, /src/components/home/Location.tsx, /src/components/layout/Header.tsx, /src/components/home/Facilities.tsx, /src/components/home/Reviews.tsx, /src/components/home/RoomDetails.tsx, /src/components/home/Hero.tsx
Files in the public directory are served at the root path.
Instead of /public/WhatsApp Image 2025-04-19 at 21.40.09.jpeg, use /WhatsApp Image 2025-04-19 at 21.40.09.jpeg.
Files in the public directory are served at the root path.
Instead of /public/Frame 33662.png, use /Frame 33662.png.
Files in the public directory are served at the root path.
Instead of /public/Frame 33644 (1).png, use /Frame 33644 (1).png.
10:06:10 AM [vite] hmr update /src/contexts/language-context.tsx, /src/index.css
10:06:10 AM [vite] hmr invalidate /src/contexts/language-context.tsx Could not Fast Refresh ("useLanguage" export is incompatible). Learn more at https://github.com/vitejs/vite-plugin-react-swc#consistent-components-exports
10:06:10 AM [vite] hmr update /src/App.tsx, /src/index.css, /src/pages/Index.tsx, /src/pages/HelpCenter.tsx, /src/pages/Gallery.tsx, /src/pages/Login.tsx, /src/pages/Register.tsx, /src/pages/Rooms.tsx, /src/pages/Profile.tsx, /src/pages/BookingDetails.tsx, /src/pages/PaymentGuide.tsx, /src/pages/ForgotPassword.tsx, /src/pages/RoomBooking.tsx, /src/components/layout/Footer.tsx, /src/components/home/Location.tsx, /src/components/layout/Header.tsx, /src/components/home/Facilities.tsx, /src/components/home/Reviews.tsx, /src/components/home/RoomDetails.tsx, /src/components/home/Hero.tsx
10:06:22 AM [vite] hmr update /src/contexts/language-context.tsx, /src/index.css
10:06:22 AM [vite] hmr invalidate /src/contexts/language-context.tsx Could not Fast Refresh ("useLanguage" export is incompatible). Learn more at https://github.com/vitejs/vite-plugin-react-swc#consistent-components-exports
10:06:22 AM [vite] hmr update /src/App.tsx, /src/index.css, /src/pages/Index.tsx, /src/pages/HelpCenter.tsx, /src/pages/Gallery.tsx, /src/pages/Login.tsx, /src/pages/Register.tsx, /src/pages/Rooms.tsx, /src/pages/Profile.tsx, /src/pages/BookingDetails.tsx, /src/pages/PaymentGuide.tsx, /src/pages/ForgotPassword.tsx, /src/pages/RoomBooking.tsx, /src/components/layout/Footer.tsx, /src/components/home/Location.tsx, /src/components/layout/Header.tsx, /src/components/home/Facilities.tsx, /src/components/home/Reviews.tsx, /src/components/home/RoomDetails.tsx, /src/components/home/Hero.tsx
10:06:39 AM [vite] hmr update /src/contexts/language-context.tsx, /src/index.css
10:06:39 AM [vite] hmr invalidate /src/contexts/language-context.tsx Could not Fast Refresh ("useLanguage" export is incompatible). Learn more at https://github.com/vitejs/vite-plugin-react-swc#consistent-components-exports
10:06:39 AM [vite] hmr update /src/App.tsx, /src/index.css, /src/pages/Index.tsx, /src/pages/HelpCenter.tsx, /src/pages/Gallery.tsx, /src/pages/Login.tsx, /src/pages/Register.tsx, /src/pages/Rooms.tsx, /src/pages/Profile.tsx, /src/pages/BookingDetails.tsx, /src/pages/PaymentGuide.tsx, /src/pages/ForgotPassword.tsx, /src/pages/RoomBooking.tsx, /src/components/layout/Footer.tsx, /src/components/home/Location.tsx, /src/components/layout/Header.tsx, /src/components/home/Facilities.tsx, /src/components/home/Reviews.tsx, /src/components/home/RoomDetails.tsx, /src/components/home/Hero.tsx
10:06:54 AM [vite] hmr update /src/contexts/language-context.tsx, /src/index.css
10:06:55 AM [vite] hmr invalidate /src/contexts/language-context.tsx Could not Fast Refresh ("useLanguage" export is incompatible). Learn more at https://github.com/vitejs/vite-plugin-react-swc#consistent-components-exports
10:06:55 AM [vite] hmr update /src/App.tsx, /src/index.css, /src/pages/Index.tsx, /src/pages/HelpCenter.tsx, /src/pages/Gallery.tsx, /src/pages/Login.tsx, /src/pages/Register.tsx, /src/pages/Rooms.tsx, /src/pages/Profile.tsx, /src/pages/BookingDetails.tsx, /src/pages/PaymentGuide.tsx, /src/pages/ForgotPassword.tsx, /src/pages/RoomBooking.tsx, /src/components/layout/Footer.tsx, /src/components/home/Location.tsx, /src/components/layout/Header.tsx, /src/components/home/Facilities.tsx, /src/components/home/Reviews.tsx, /src/components/home/RoomDetails.tsx, /src/components/home/Hero.tsx
10:08:04 AM [vite] hmr update /src/components/layout/Header.tsx, /src/index.css
10:08:14 AM [vite] hmr update /src/components/layout/Header.tsx, /src/index.css
10:08:36 AM [vite] hmr update /src/components/layout/Header.tsx, /src/index.css
Files in the public directory are served at the root path.
Instead of /public/Frame 33644 (1).png, use /Frame 33644 (1).png.
Files in the public directory are served at the root path.
Instead of /public/Frame 33662.png, use /Frame 33662.png.
Files in the public directory are served at the root path.
Instead of /public/WhatsApp Image 2025-04-19 at 21.40.09.jpeg, use /WhatsApp Image 2025-04-19 at 21.40.09.jpeg.
10:10:07 AM [vite] hmr update /src/pages/Rooms.tsx, /src/index.css
10:10:15 AM [vite] hmr update /src/pages/Rooms.tsx, /src/index.css
10:10:20 AM [vite] hmr update /src/pages/Rooms.tsx, /src/index.css
Error processing file src/pages/Rooms.tsx: SyntaxError: Expected corresponding JSX closing tag for <main>. (365:8)
    at constructor (/Users/hashiifabdillah/clone elkapi/elkaavie/frontend/node_modules/@babel/parser/lib/index.js:362:19)
    at TypeScriptParserMixin.raise (/Users/hashiifabdillah/clone elkapi/elkaavie/frontend/node_modules/@babel/parser/lib/index.js:3259:19)
    at TypeScriptParserMixin.jsxParseElementAt (/Users/hashiifabdillah/clone elkapi/elkaavie/frontend/node_modules/@babel/parser/lib/index.js:6774:16)
    at TypeScriptParserMixin.jsxParseElementAt (/Users/hashiifabdillah/clone elkapi/elkaavie/frontend/node_modules/@babel/parser/lib/index.js:6745:32)
    at TypeScriptParserMixin.jsxParseElement (/Users/hashiifabdillah/clone elkapi/elkaavie/frontend/node_modules/@babel/parser/lib/index.js:6796:17)
    at TypeScriptParserMixin.parseExprAtom (/Users/hashiifabdillah/clone elkapi/elkaavie/frontend/node_modules/@babel/parser/lib/index.js:6806:19)
    at TypeScriptParserMixin.parseExprSubscripts (/Users/hashiifabdillah/clone elkapi/elkaavie/frontend/node_modules/@babel/parser/lib/index.js:10592:23)
    at TypeScriptParserMixin.parseUpdate (/Users/hashiifabdillah/clone elkapi/elkaavie/frontend/node_modules/@babel/parser/lib/index.js:10577:21)
    at TypeScriptParserMixin.parseMaybeUnary (/Users/hashiifabdillah/clone elkapi/elkaavie/frontend/node_modules/@babel/parser/lib/index.js:10557:23)
    at TypeScriptParserMixin.parseMaybeUnary (/Users/hashiifabdillah/clone elkapi/elkaavie/frontend/node_modules/@babel/parser/lib/index.js:9483:18) {
  code: 'BABEL_PARSER_SYNTAX_ERROR',
  reasonCode: 'MissingClosingTagElement',
  loc: Position { line: 365, column: 8, index: 12766 },
  pos: 12766,
  syntaxPlugin: 'jsx'
}
10:10:20 AM [vite] Internal server error:   [31mx[0m Expression expected
     ,-[[36;1;4m/Users/hashiifabdillah/clone elkapi/elkaavie/frontend/src/pages/Rooms.tsx[0m:266:1]
 [2m263[0m |   const floors = Object.keys(roomsByFloor).map(Number).sort();
 [2m264[0m | 
 [2m265[0m |   return (
 [2m266[0m |     <>
     : [35;1m     ^[0m
 [2m267[0m |       <Header />
 [2m268[0m | 
 [2m269[0m |       {/* Floating Card */}
     `----
  [31mx[0m Expected ',', got '{'
     ,-[[36;1;4m/Users/hashiifabdillah/clone elkapi/elkaavie/frontend/src/pages/Rooms.tsx[0m:269:1]
 [2m266[0m |     <>
 [2m267[0m |       <Header />
 [2m268[0m | 
 [2m269[0m |       {/* Floating Card */}
     : [35;1m      ^[0m
 [2m270[0m |       {selectedRoom && showFloatingCard && (
 [2m271[0m |         <div className="fixed bottom-6 left-0 right-0 z-50 mx-auto px-4 max-w-lg">
 [2m272[0m |           <div className="bg-white rounded-xl shadow-2xl border border-gray-200 relative">
     `----


Caused by:
    Syntax Error
  Plugin: vite:react-swc
  File: /Users/hashiifabdillah/clone elkapi/elkaavie/frontend/src/pages/Rooms.tsx
  
10:10:27 AM [vite] hmr update /src/pages/Rooms.tsx, /src/index.css
10:10:43 AM [vite] hmr update /src/pages/Rooms.tsx, /src/index.css
10:10:46 AM [vite] hmr update /src/pages/Rooms.tsx, /src/index.css
10:10:56 AM [vite] hmr update /src/pages/Rooms.tsx, /src/index.css
10:11:18 AM [vite] hmr update /src/pages/Rooms.tsx, /src/index.css
Error processing file src/pages/Rooms.tsx: SyntaxError: Expected corresponding JSX closing tag for <div>. (517:6)
    at constructor (/Users/hashiifabdillah/clone elkapi/elkaavie/frontend/node_modules/@babel/parser/lib/index.js:362:19)
    at TypeScriptParserMixin.raise (/Users/hashiifabdillah/clone elkapi/elkaavie/frontend/node_modules/@babel/parser/lib/index.js:3259:19)
    at TypeScriptParserMixin.jsxParseElementAt (/Users/hashiifabdillah/clone elkapi/elkaavie/frontend/node_modules/@babel/parser/lib/index.js:6774:16)
    at TypeScriptParserMixin.jsxParseElementAt (/Users/hashiifabdillah/clone elkapi/elkaavie/frontend/node_modules/@babel/parser/lib/index.js:6745:32)
    at TypeScriptParserMixin.jsxParseElementAt (/Users/hashiifabdillah/clone elkapi/elkaavie/frontend/node_modules/@babel/parser/lib/index.js:6745:32)
    at TypeScriptParserMixin.jsxParseElement (/Users/hashiifabdillah/clone elkapi/elkaavie/frontend/node_modules/@babel/parser/lib/index.js:6796:17)
    at TypeScriptParserMixin.parseExprAtom (/Users/hashiifabdillah/clone elkapi/elkaavie/frontend/node_modules/@babel/parser/lib/index.js:6806:19)
    at TypeScriptParserMixin.parseExprSubscripts (/Users/hashiifabdillah/clone elkapi/elkaavie/frontend/node_modules/@babel/parser/lib/index.js:10592:23)
    at TypeScriptParserMixin.parseUpdate (/Users/hashiifabdillah/clone elkapi/elkaavie/frontend/node_modules/@babel/parser/lib/index.js:10577:21)
    at TypeScriptParserMixin.parseMaybeUnary (/Users/hashiifabdillah/clone elkapi/elkaavie/frontend/node_modules/@babel/parser/lib/index.js:10557:23) {
  code: 'BABEL_PARSER_SYNTAX_ERROR',
  reasonCode: 'MissingClosingTagElement',
  loc: Position { line: 517, column: 6, index: 21374 },
  pos: 21374,
  syntaxPlugin: 'jsx'
}
10:11:18 AM [vite] Internal server error:   [31mx[0m Expression expected
     ,-[[36;1;4m/Users/hashiifabdillah/clone elkapi/elkaavie/frontend/src/pages/Rooms.tsx[0m:266:1]
 [2m263[0m |   const floors = Object.keys(roomsByFloor).map(Number).sort();
 [2m264[0m | 
 [2m265[0m |   return (
 [2m266[0m |     <>
     : [35;1m     ^[0m
 [2m267[0m |       <Header />
 [2m268[0m | 
 [2m269[0m |       {/* Floating Card */}
     `----
  [31mx[0m Expected ',', got '{'
     ,-[[36;1;4m/Users/hashiifabdillah/clone elkapi/elkaavie/frontend/src/pages/Rooms.tsx[0m:269:1]
 [2m266[0m |     <>
 [2m267[0m |       <Header />
 [2m268[0m | 
 [2m269[0m |       {/* Floating Card */}
     : [35;1m      ^[0m
 [2m270[0m |       {selectedRoom && showFloatingCard && (
 [2m271[0m |         <div className="fixed bottom-6 left-0 right-0 z-50 mx-auto px-4 max-w-lg">
 [2m272[0m |           <div className="bg-white rounded-xl shadow-2xl border border-gray-200 relative">
     `----


Caused by:
    Syntax Error
  Plugin: vite:react-swc
  File: /Users/hashiifabdillah/clone elkapi/elkaavie/frontend/src/pages/Rooms.tsx
  
10:11:21 AM [vite] hmr update /src/pages/Rooms.tsx, /src/index.css
10:11:29 AM [vite] hmr update /src/pages/Rooms.tsx, /src/index.css
10:11:32 AM [vite] hmr update /src/pages/Rooms.tsx, /src/index.css
10:11:42 AM [vite] hmr update /src/pages/Rooms.tsx, /src/index.css
10:16:19 AM [vite] hmr update /src/pages/HelpCenter.tsx, /src/index.css
10:17:46 AM [vite] hmr update /src/pages/HelpCenter.tsx, /src/index.css
10:17:49 AM [vite] hmr update /src/pages/HelpCenter.tsx, /src/index.css
10:17:58 AM [vite] hmr update /src/pages/HelpCenter.tsx, /src/index.css
10:18:01 AM [vite] hmr update /src/pages/HelpCenter.tsx, /src/index.css
10:18:23 AM [vite] hmr update /src/pages/HelpCenter.tsx, /src/index.css
10:19:37 AM [vite] hmr update /src/pages/Gallery.tsx, /src/index.css
10:19:59 AM [vite] hmr update /src/pages/Rooms.tsx, /src/index.css
10:20:19 AM [vite] hmr update /src/pages/Gallery.tsx, /src/index.css
10:22:01 AM [vite] hmr update /src/pages/Gallery.tsx, /src/index.css
10:22:24 AM [vite] hmr update /src/pages/Rooms.tsx, /src/index.css
10:22:45 AM [vite] hmr update /src/pages/HelpCenter.tsx, /src/index.css
Files in the public directory are served at the root path.
Instead of /public/Frame 33662.png, use /Frame 33662.png.
Files in the public directory are served at the root path.
Instead of /public/WhatsApp Image 2025-04-19 at 21.40.09.jpeg, use /WhatsApp Image 2025-04-19 at 21.40.09.jpeg.
Files in the public directory are served at the root path.
Instead of /public/Frame 33644 (1).png, use /Frame 33644 (1).png.
10:26:16 AM [vite] hmr update /src/components/layout/Header.tsx, /src/index.css
10:35:24 AM [vite] hmr update /src/pages/Rooms.tsx, /src/index.css
10:35:28 AM [vite] hmr update /src/pages/Rooms.tsx, /src/index.css
10:35:39 AM [vite] hmr update /src/pages/Gallery.tsx, /src/index.css
10:35:39 AM [vite] hmr update /src/pages/Gallery.tsx, /src/index.css
10:35:53 AM [vite] hmr update /src/pages/Gallery.tsx, /src/index.css
10:35:54 AM [vite] hmr update /src/pages/Gallery.tsx, /src/index.css
10:37:02 AM [vite] hmr update /src/pages/Gallery.tsx, /src/index.css
10:37:15 AM [vite] hmr update /src/pages/Gallery.tsx, /src/index.css
10:37:28 AM [vite] hmr update /src/pages/Gallery.tsx, /src/index.css
10:37:49 AM [vite] hmr update /src/pages/Gallery.tsx, /src/index.css
10:38:00 AM [vite] hmr update /src/pages/Gallery.tsx, /src/index.css
10:39:37 AM [vite] hmr update /src/pages/Gallery.tsx, /src/index.css
10:39:40 AM [vite] hmr update /src/pages/Gallery.tsx, /src/index.css
10:40:08 AM [vite] hmr update /src/pages/Gallery.tsx, /src/index.css
10:40:15 AM [vite] hmr update /src/pages/Gallery.tsx, /src/index.css
10:40:21 AM [vite] hmr update /src/pages/Gallery.tsx, /src/index.css
10:40:30 AM [vite] hmr update /src/pages/Gallery.tsx, /src/index.css
10:40:31 AM [vite] hmr update /src/pages/Gallery.tsx, /src/index.css
Files in the public directory are served at the root path.
Instead of /public/WhatsApp Image 2025-04-19 at 21.40.09.jpeg, use /WhatsApp Image 2025-04-19 at 21.40.09.jpeg.
Files in the public directory are served at the root path.
Instead of /public/Frame 33644 (1).png, use /Frame 33644 (1).png.
Files in the public directory are served at the root path.
Instead of /public/Frame 33662.png, use /Frame 33662.png.
10:44:07 AM [vite] hmr update /src/components/home/Hero.tsx, /src/index.css
Files in the public directory are served at the root path.
Instead of /public/, use /.
10:44:08 AM [vite] hmr update /src/components/home/Hero.tsx, /src/index.css
Files in the public directory are served at the root path.
Instead of /public/hero, use /hero.
10:44:10 AM [vite] hmr update /src/components/home/Hero.tsx, /src/index.css
Files in the public directory are served at the root path.
Instead of /public/hero-im, use /hero-im.
10:44:11 AM [vite] hmr update /src/components/home/Hero.tsx, /src/index.css
Files in the public directory are served at the root path.
Instead of /public/hero-img, use /hero-img.
10:44:16 AM [vite] hmr update /src/components/home/Hero.tsx, /src/index.css
Files in the public directory are served at the root path.
Instead of /public/hero-img.png, use /hero-img.png.
Files in the public directory are served at the root path.
Instead of /public/hero-img.png, use /hero-img.png.
Files in the public directory are served at the root path.
Instead of /public/WhatsApp Image 2025-04-19 at 21.40.09.jpeg, use /WhatsApp Image 2025-04-19 at 21.40.09.jpeg.
Files in the public directory are served at the root path.
Instead of /public/Frame 33644 (1).png, use /Frame 33644 (1).png.
Files in the public directory are served at the root path.
Instead of /public/Frame 33662.png, use /Frame 33662.png.
10:44:28 AM [vite] hmr update /src/components/home/Hero.tsx, /src/index.css
Files in the public directory are served at the root path.
Instead of /public/main/hero-img.png, use /main/hero-img.png.
10:45:50 AM [vite] hmr update /src/components/layout/ImageGallery.tsx, /src/index.css
10:45:51 AM [vite] hmr update /src/components/layout/ImageGallery.tsx, /src/index.css
10:45:57 AM [vite] hmr update /src/components/layout/ImageGallery.tsx, /src/index.css
10:46:00 AM [vite] hmr update /src/components/layout/ImageGallery.tsx, /src/index.css
Files in the public directory are served at the root path.
Instead of /public/Frame 33662.png, use /Frame 33662.png.
Files in the public directory are served at the root path.
Instead of /public/main/rooms.png, use /main/rooms.png.
Files in the public directory are served at the root path.
Instead of /public/Frame 33662.png, use /Frame 33662.png.
Files in the public directory are served at the root path.
Instead of /public/main/hero-img.png, use /main/hero-img.png.
Files in the public directory are served at the root path.
Instead of /public/WhatsApp Image 2025-04-19 at 21.40.09.jpeg, use /WhatsApp Image 2025-04-19 at 21.40.09.jpeg.
10:46:20 AM [vite] hmr update /src/components/layout/ImageGallery.tsx, /src/index.css
Files in the public directory are served at the root path.
Instead of /public/, use /.
10:46:26 AM [vite] hmr update /src/components/layout/ImageGallery.tsx, /src/index.css
Files in the public directory are served at the root path.
Instead of /public/main/parkir.png, use /main/parkir.png.
Files in the public directory are served at the root path.
Instead of /public/Frame 33662.png, use /Frame 33662.png.
Files in the public directory are served at the root path.
Instead of /public/main/parkir.png, use /main/parkir.png.
Files in the public directory are served at the root path.
Instead of /public/main/parkir.png, use /main/parkir.png.
Files in the public directory are served at the root path.
Instead of /public/main/parkir.png, use /main/parkir.png.
Files in the public directory are served at the root path.
Instead of /public/Frame 33662.png, use /Frame 33662.png.
Files in the public directory are served at the root path.
Instead of /public/main/parkir.png, use /main/parkir.png.
Files in the public directory are served at the root path.
Instead of /public/Frame 33662.png, use /Frame 33662.png.
Files in the public directory are served at the root path.
Instead of /public/Frame 33662.png, use /Frame 33662.png.
Files in the public directory are served at the root path.
Instead of /public/Frame 33662.png, use /Frame 33662.png.
Files in the public directory are served at the root path.
Instead of /public/main/parkir.png, use /main/parkir.png.
Files in the public directory are served at the root path.
Instead of /public/Frame 33662.png, use /Frame 33662.png.
Files in the public directory are served at the root path.
Instead of /public/Frame 33662.png, use /Frame 33662.png.
Files in the public directory are served at the root path.
Instead of /public/main/parkir.png, use /main/parkir.png.
Files in the public directory are served at the root path.
Instead of /public/main/parkir.png, use /main/parkir.png.
Files in the public directory are served at the root path.
Instead of /public/Frame 33662.png, use /Frame 33662.png.
Files in the public directory are served at the root path.
Instead of /public/Frame 33662.png, use /Frame 33662.png.
Files in the public directory are served at the root path.
Instead of /public/main/parkir.png, use /main/parkir.png.
Files in the public directory are served at the root path.
Instead of /public/main/parkir.png, use /main/parkir.png.
Files in the public directory are served at the root path.
Instead of /public/Frame 33662.png, use /Frame 33662.png.
Files in the public directory are served at the root path.
Instead of /public/Frame 33662.png, use /Frame 33662.png.
10:47:06 AM [vite] hmr update /src/components/layout/ImageGallery.tsx, /src/index.css
Files in the public directory are served at the root path.
Instead of /public/main, use /main.
10:47:08 AM [vite] hmr update /src/components/layout/ImageGallery.tsx, /src/index.css
Files in the public directory are served at the root path.
Instead of /public/main/, use /main/.
10:47:16 AM [vite] hmr update /src/components/layout/ImageGallery.tsx, /src/index.css
Files in the public directory are served at the root path.
Instead of /public/main/bathroom-1,png, use /main/bathroom-1,png.
Files in the public directory are served at the root path.
Instead of /public/main/parkir.png, use /main/parkir.png.
Files in the public directory are served at the root path.
Instead of /public/main/hero-img.png, use /main/hero-img.png.
Files in the public directory are served at the root path.
Instead of /public/main/rooms.png, use /main/rooms.png.
Files in the public directory are served at the root path.
Instead of /public/main/bathroom-1,png, use /main/bathroom-1,png.
Files in the public directory are served at the root path.
Instead of /public/main/bathroom-1,png, use /main/bathroom-1,png.
Files in the public directory are served at the root path.
Instead of /public/main/bathroom-1,png, use /main/bathroom-1,png.
10:47:35 AM [vite] hmr update /src/components/layout/ImageGallery.tsx, /src/index.css
Files in the public directory are served at the root path.
Instead of /public/main/bathroom-1.png, use /main/bathroom-1.png.
Files in the public directory are served at the root path.
Instead of /public/main/bathroom-1.png, use /main/bathroom-1.png.
Files in the public directory are served at the root path.
Instead of /public/main/bathroom-1.png, use /main/bathroom-1.png.
Files in the public directory are served at the root path.
Instead of /public/main/bathroom-1.png, use /main/bathroom-1.png.
10:47:43 AM [vite] hmr update /src/components/layout/ImageGallery.tsx, /src/index.css
Files in the public directory are served at the root path.
Instead of /public/main/bathroom-2.png, use /main/bathroom-2.png.
Files in the public directory are served at the root path.
Instead of /public/main/bathroom-2.png, use /main/bathroom-2.png.
Files in the public directory are served at the root path.
Instead of /public/main/parkir.png, use /main/parkir.png.
Files in the public directory are served at the root path.
Instead of /public/main/parkir.png, use /main/parkir.png.
Files in the public directory are served at the root path.
Instead of /public/main/bathroom-2.png, use /main/bathroom-2.png.
Files in the public directory are served at the root path.
Instead of /public/main/bathroom-2.png, use /main/bathroom-2.png.
10:47:52 AM [vite] hmr update /src/components/layout/ImageGallery.tsx, /src/index.css
Files in the public directory are served at the root path.
Instead of /public/main/bathroom-1.png, use /main/bathroom-1.png.
Files in the public directory are served at the root path.
Instead of /public/main/parkir.png, use /main/parkir.png.
Files in the public directory are served at the root path.
Instead of /public/main/bathroom-1.png, use /main/bathroom-1.png.
Files in the public directory are served at the root path.
Instead of /public/main/bathroom-1.png, use /main/bathroom-1.png.
Files in the public directory are served at the root path.
Instead of /public/main/parkir.png, use /main/parkir.png.
Files in the public directory are served at the root path.
Instead of /public/main/bathroom-1.png, use /main/bathroom-1.png.
Files in the public directory are served at the root path.
Instead of /public/main/parkir.png, use /main/parkir.png.
Files in the public directory are served at the root path.
Instead of /public/main/bathroom-1.png, use /main/bathroom-1.png.
10:48:03 AM [vite] hmr update /src/components/layout/ImageGallery.tsx, /src/index.css
10:48:06 AM [vite] hmr update /src/components/layout/ImageGallery.tsx, /src/index.css
Files in the public directory are served at the root path.
Instead of /public/Frame 33662.png, use /Frame 33662.png.
Files in the public directory are served at the root path.
Instead of /public/Frame 33662.png, use /Frame 33662.png.
10:48:18 AM [vite] hmr update /src/components/layout/ImageGallery.tsx, /src/index.css
Files in the public directory are served at the root path.
Instead of /public/main, use /main.
10:48:19 AM [vite] hmr update /src/components/layout/ImageGallery.tsx, /src/index.css
Files in the public directory are served at the root path.
Instead of /public/main/, use /main/.
10:48:21 AM [vite] hmr update /src/components/layout/ImageGallery.tsx, /src/index.css
Files in the public directory are served at the root path.
Instead of /public/main/hero, use /main/hero.
10:48:24 AM [vite] hmr update /src/components/layout/ImageGallery.tsx, /src/index.css
Files in the public directory are served at the root path.
Instead of /public/main/hero-img.png, use /main/hero-img.png.
Files in the public directory are served at the root path.
Instead of /public/main/hero-img.png, use /main/hero-img.png.
Files in the public directory are served at the root path.
Instead of /public/main/parkir.png, use /main/parkir.png.
Files in the public directory are served at the root path.
Instead of /public/main/parkir.png, use /main/parkir.png.
Files in the public directory are served at the root path.
Instead of /public/main/hero-img.png, use /main/hero-img.png.
Files in the public directory are served at the root path.
Instead of /public/main/hero-img.png, use /main/hero-img.png.
Files in the public directory are served at the root path.
Instead of /public/main/hero-img.png, use /main/hero-img.png.
Files in the public directory are served at the root path.
Instead of /public/main/parkir.png, use /main/parkir.png.
10:49:25 AM [vite] hmr update /src/components/layout/ImageGallery.tsx, /src/index.css
Files in the public directory are served at the root path.
Instead of /public/main/parkir.png, use /main/parkir.png.
Files in the public directory are served at the root path.
Instead of /public/main/hero-img.png, use /main/hero-img.png.
Files in the public directory are served at the root path.
Instead of /public/main/rooms.png, use /main/rooms.png.
Files in the public directory are served at the root path.
Instead of /public/main/hero-img.png, use /main/hero-img.png.
Files in the public directory are served at the root path.
Instead of /public/main/parkir.png, use /main/parkir.png.
Files in the public directory are served at the root path.
Instead of /public/main/rooms.png, use /main/rooms.png.
Files in the public directory are served at the root path.
Instead of /public/main/rooms.png, use /main/rooms.png.
Files in the public directory are served at the root path.
Instead of /public/main/parkir.png, use /main/parkir.png.
Files in the public directory are served at the root path.
Instead of /public/main/parkir.png, use /main/parkir.png.
Files in the public directory are served at the root path.
Instead of /public/main/hero-img.png, use /main/hero-img.png.
Files in the public directory are served at the root path.
Instead of /public/main/hero-img.png, use /main/hero-img.png.
Files in the public directory are served at the root path.
Instead of /public/main/parkir.png, use /main/parkir.png.
Files in the public directory are served at the root path.
Instead of /public/main/parkir.png, use /main/parkir.png.
Files in the public directory are served at the root path.
Instead of /public/main/rooms.png, use /main/rooms.png.
Files in the public directory are served at the root path.
Instead of /public/main/rooms.png, use /main/rooms.png.
Files in the public directory are served at the root path.
Instead of /public/main/parkir.png, use /main/parkir.png.
Files in the public directory are served at the root path.
Instead of /public/main/parkir.png, use /main/parkir.png.
Files in the public directory are served at the root path.
Instead of /public/main/hero-img.png, use /main/hero-img.png.
Files in the public directory are served at the root path.
Instead of /public/main/hero-img.png, use /main/hero-img.png.
Files in the public directory are served at the root path.
Instead of /public/main/parkir.png, use /main/parkir.png.
Files in the public directory are served at the root path.
Instead of /public/main/rooms.png, use /main/rooms.png.
Files in the public directory are served at the root path.
Instead of /public/main/rooms.png, use /main/rooms.png.
Files in the public directory are served at the root path.
Instead of /public/main/parkir.png, use /main/parkir.png.
Files in the public directory are served at the root path.
Instead of /public/main/parkir.png, use /main/parkir.png.
Files in the public directory are served at the root path.
Instead of /public/main/hero-img.png, use /main/hero-img.png.
Files in the public directory are served at the root path.
Instead of /public/main/hero-img.png, use /main/hero-img.png.
Files in the public directory are served at the root path.
Instead of /public/main/parkir.png, use /main/parkir.png.
Files in the public directory are served at the root path.
Instead of /public/main/rooms.png, use /main/rooms.png.
Files in the public directory are served at the root path.
Instead of /public/main/rooms.png, use /main/rooms.png.
Files in the public directory are served at the root path.
Instead of /public/main/parkir.png, use /main/parkir.png.
Files in the public directory are served at the root path.
Instead of /public/main/hero-img.png, use /main/hero-img.png.
Files in the public directory are served at the root path.
Instead of /public/main/hero-img.png, use /main/hero-img.png.
Files in the public directory are served at the root path.
Instead of /public/main/parkir.png, use /main/parkir.png.
Files in the public directory are served at the root path.
Instead of /public/main/rooms.png, use /main/rooms.png.
Files in the public directory are served at the root path.
Instead of /public/main/rooms.png, use /main/rooms.png.
Files in the public directory are served at the root path.
Instead of /public/main/parkir.png, use /main/parkir.png.
Files in the public directory are served at the root path.
Instead of /public/main/parkir.png, use /main/parkir.png.
Files in the public directory are served at the root path.
Instead of /public/main/hero-img.png, use /main/hero-img.png.
Files in the public directory are served at the root path.
Instead of /public/main/hero-img.png, use /main/hero-img.png.
Files in the public directory are served at the root path.
Instead of /public/main/parkir.png, use /main/parkir.png.
Files in the public directory are served at the root path.
Instead of /public/main/parkir.png, use /main/parkir.png.
Files in the public directory are served at the root path.
Instead of /public/main/hero-img.png, use /main/hero-img.png.
10:50:10 AM [vite] hmr update /src/components/home/Facilities.tsx, /src/index.css
10:50:12 AM [vite] hmr update /src/components/home/Facilities.tsx, /src/index.css
10:50:19 AM [vite] hmr update /src/components/home/Facilities.tsx, /src/index.css
10:50:26 AM [vite] hmr update /src/components/home/Facilities.tsx, /src/index.css
10:50:28 AM [vite] hmr update /src/components/home/Facilities.tsx, /src/index.css
10:50:29 AM [vite] hmr update /src/components/home/Facilities.tsx, /src/index.css
Files in the public directory are served at the root path.
Instead of /public/, use /.
10:50:30 AM [vite] hmr update /src/components/home/Facilities.tsx, /src/index.css
Files in the public directory are served at the root path.
Instead of /public/main, use /main.
10:50:33 AM [vite] hmr update /src/components/home/Facilities.tsx, /src/index.css
Files in the public directory are served at the root path.
Instead of /public/main/, use /main/.
10:50:36 AM [vite] hmr update /src/components/home/Facilities.tsx, /src/index.css
Files in the public directory are served at the root path.
Instead of /public/main/hero-img.png, use /main/hero-img.png.
10:52:19 AM [vite] hmr update /src/contexts/language-context.tsx, /src/index.css
10:52:19 AM [vite] hmr invalidate /src/contexts/language-context.tsx Could not Fast Refresh ("useLanguage" export is incompatible). Learn more at https://github.com/vitejs/vite-plugin-react-swc#consistent-components-exports
10:52:19 AM [vite] hmr update /src/App.tsx, /src/index.css, /src/pages/Index.tsx, /src/pages/HelpCenter.tsx, /src/pages/Gallery.tsx, /src/pages/Login.tsx, /src/pages/Register.tsx, /src/pages/Rooms.tsx, /src/pages/Profile.tsx, /src/pages/BookingDetails.tsx, /src/pages/PaymentGuide.tsx, /src/pages/ForgotPassword.tsx, /src/pages/RoomBooking.tsx, /src/components/layout/Footer.tsx, /src/components/home/Location.tsx, /src/components/layout/Header.tsx, /src/components/home/Facilities.tsx, /src/components/home/Reviews.tsx, /src/components/home/RoomDetails.tsx, /src/components/home/Hero.tsx
Files in the public directory are served at the root path.
Instead of /public/main/rooms.png, use /main/rooms.png.
Files in the public directory are served at the root path.
Instead of /public/main/parkir.png, use /main/parkir.png.
10:52:49 AM [vite] hmr update /src/contexts/language-context.tsx, /src/index.css
10:52:49 AM [vite] hmr invalidate /src/contexts/language-context.tsx Could not Fast Refresh ("useLanguage" export is incompatible). Learn more at https://github.com/vitejs/vite-plugin-react-swc#consistent-components-exports
10:52:49 AM [vite] hmr update /src/App.tsx, /src/index.css, /src/pages/Index.tsx, /src/pages/HelpCenter.tsx, /src/pages/Gallery.tsx, /src/pages/Login.tsx, /src/pages/Register.tsx, /src/pages/Rooms.tsx, /src/pages/Profile.tsx, /src/pages/BookingDetails.tsx, /src/pages/PaymentGuide.tsx, /src/pages/ForgotPassword.tsx, /src/pages/RoomBooking.tsx, /src/components/layout/Footer.tsx, /src/components/home/Location.tsx, /src/components/layout/Header.tsx, /src/components/home/Facilities.tsx, /src/components/home/Reviews.tsx, /src/components/home/RoomDetails.tsx, /src/components/home/Hero.tsx
Files in the public directory are served at the root path.
Instead of /public/main/hero-img.png, use /main/hero-img.png.
Files in the public directory are served at the root path.
Instead of /public/main/parkir.png, use /main/parkir.png.
Files in the public directory are served at the root path.
Instead of /public/main/hero-img.png, use /main/hero-img.png.
Files in the public directory are served at the root path.
Instead of /public/main/rooms.png, use /main/rooms.png.
Files in the public directory are served at the root path.
Instead of /public/main/hero-img.png, use /main/hero-img.png.
10:55:47 AM [vite] hmr update /src/components/home/RoomDetails.tsx, /src/index.css
10:56:13 AM [vite] hmr update /src/index.css
10:56:35 AM [vite] hmr update /src/components/home/RoomDetails.tsx, /src/index.css
10:56:41 AM [vite] hmr update /src/components/home/RoomDetails.tsx, /src/index.css
10:56:46 AM [vite] hmr update /src/components/home/RoomDetails.tsx, /src/index.css
10:56:48 AM [vite] hmr update /src/components/home/RoomDetails.tsx, /src/index.css
Files in the public directory are served at the root path.
Instead of /public/main/hero-img.png, use /main/hero-img.png.
Files in the public directory are served at the root path.
Instead of /public/main/rooms.png, use /main/rooms.png.
Files in the public directory are served at the root path.
Instead of /public/main/parkir.png, use /main/parkir.png.
10:56:57 AM [vite] hmr update /src/components/home/RoomDetails.tsx, /src/index.css
10:57:41 AM [vite] hmr update /src/components/home/RoomDetails.tsx, /src/index.css
10:57:47 AM [vite] hmr update /src/components/home/RoomDetails.tsx, /src/index.css
10:57:52 AM [vite] hmr update /src/components/home/RoomDetails.tsx, /src/index.css
10:57:56 AM [vite] hmr update /src/components/home/RoomDetails.tsx, /src/index.css
10:57:57 AM [vite] hmr update /src/components/home/RoomDetails.tsx, /src/index.css
10:58:15 AM [vite] hmr update /src/components/home/RoomDetails.tsx, /src/index.css
10:58:22 AM [vite] hmr update /src/components/home/RoomDetails.tsx, /src/index.css
10:58:32 AM [vite] hmr update /src/components/home/RoomDetails.tsx, /src/index.css
10:58:34 AM [vite] hmr update /src/components/home/RoomDetails.tsx, /src/index.css
10:58:37 AM [vite] hmr update /src/components/home/RoomDetails.tsx, /src/index.css
10:58:46 AM [vite] hmr update /src/components/home/RoomDetails.tsx, /src/index.css
10:58:49 AM [vite] hmr update /src/components/home/RoomDetails.tsx, /src/index.css
10:59:07 AM [vite] hmr update /src/components/home/RoomDetails.tsx, /src/index.css
Error processing file src/components/home/RoomDetails.tsx: SyntaxError: JSX value should be either an expression or a quoted JSX text. (68:34)
    at constructor (/Users/hashiifabdillah/clone elkapi/elkaavie/frontend/node_modules/@babel/parser/lib/index.js:362:19)
    at TypeScriptParserMixin.raise (/Users/hashiifabdillah/clone elkapi/elkaavie/frontend/node_modules/@babel/parser/lib/index.js:3259:19)
    at TypeScriptParserMixin.jsxParseAttributeValue (/Users/hashiifabdillah/clone elkapi/elkaavie/frontend/node_modules/@babel/parser/lib/index.js:6660:20)
    at TypeScriptParserMixin.jsxParseAttribute (/Users/hashiifabdillah/clone elkapi/elkaavie/frontend/node_modules/@babel/parser/lib/index.js:6700:38)
    at TypeScriptParserMixin.jsxParseOpeningElementAfterName (/Users/hashiifabdillah/clone elkapi/elkaavie/frontend/node_modules/@babel/parser/lib/index.js:6714:28)
    at TypeScriptParserMixin.jsxParseOpeningElementAfterName (/Users/hashiifabdillah/clone elkapi/elkaavie/frontend/node_modules/@babel/parser/lib/index.js:9690:18)
    at TypeScriptParserMixin.jsxParseOpeningElementAt (/Users/hashiifabdillah/clone elkapi/elkaavie/frontend/node_modules/@babel/parser/lib/index.js:6709:17)
    at TypeScriptParserMixin.jsxParseElementAt (/Users/hashiifabdillah/clone elkapi/elkaavie/frontend/node_modules/@babel/parser/lib/index.js:6733:33)
    at TypeScriptParserMixin.jsxParseElementAt (/Users/hashiifabdillah/clone elkapi/elkaavie/frontend/node_modules/@babel/parser/lib/index.js:6745:32)
    at TypeScriptParserMixin.jsxParseElementAt (/Users/hashiifabdillah/clone elkapi/elkaavie/frontend/node_modules/@babel/parser/lib/index.js:6745:32) {
  code: 'BABEL_PARSER_SYNTAX_ERROR',
  reasonCode: 'UnsupportedJsxValue',
  loc: Position { line: 68, column: 34, index: 3306 },
  pos: 3306,
  syntaxPlugin: 'jsx'
}
10:59:07 AM [vite] Internal server error:   [31mx[0m Unexpected token `section`. Expected jsx identifier
    ,-[[36;1;4m/Users/hashiifabdillah/clone elkapi/elkaavie/frontend/src/components/home/RoomDetails.tsx[0m:36:1]
 [2m33[0m |   ];
 [2m34[0m | 
 [2m35[0m |   return (
 [2m36[0m |     <section id="room" className="py-20 bg-white">
    : [35;1m     ^^^^^^^[0m
 [2m37[0m |       <Container>
 [2m38[0m |         <div className="max-w-3xl mx-auto text-center mb-16">
 [2m39[0m |           <CustomBadge className="mb-3">{translations.home.room.details}</CustomBadge>
    `----


Caused by:
    Syntax Error
  Plugin: vite:react-swc
  File: /Users/hashiifabdillah/clone elkapi/elkaavie/frontend/src/components/home/RoomDetails.tsx
  
10:59:08 AM [vite] hmr update /src/components/home/RoomDetails.tsx, /src/index.css
Error processing file src/components/home/RoomDetails.tsx: SyntaxError: JSX value should be either an expression or a quoted JSX text. (68:34)
    at constructor (/Users/hashiifabdillah/clone elkapi/elkaavie/frontend/node_modules/@babel/parser/lib/index.js:362:19)
    at TypeScriptParserMixin.raise (/Users/hashiifabdillah/clone elkapi/elkaavie/frontend/node_modules/@babel/parser/lib/index.js:3259:19)
    at TypeScriptParserMixin.jsxParseAttributeValue (/Users/hashiifabdillah/clone elkapi/elkaavie/frontend/node_modules/@babel/parser/lib/index.js:6660:20)
    at TypeScriptParserMixin.jsxParseAttribute (/Users/hashiifabdillah/clone elkapi/elkaavie/frontend/node_modules/@babel/parser/lib/index.js:6700:38)
    at TypeScriptParserMixin.jsxParseOpeningElementAfterName (/Users/hashiifabdillah/clone elkapi/elkaavie/frontend/node_modules/@babel/parser/lib/index.js:6714:28)
    at TypeScriptParserMixin.jsxParseOpeningElementAfterName (/Users/hashiifabdillah/clone elkapi/elkaavie/frontend/node_modules/@babel/parser/lib/index.js:9690:18)
    at TypeScriptParserMixin.jsxParseOpeningElementAt (/Users/hashiifabdillah/clone elkapi/elkaavie/frontend/node_modules/@babel/parser/lib/index.js:6709:17)
    at TypeScriptParserMixin.jsxParseElementAt (/Users/hashiifabdillah/clone elkapi/elkaavie/frontend/node_modules/@babel/parser/lib/index.js:6733:33)
    at TypeScriptParserMixin.jsxParseElementAt (/Users/hashiifabdillah/clone elkapi/elkaavie/frontend/node_modules/@babel/parser/lib/index.js:6745:32)
    at TypeScriptParserMixin.jsxParseElementAt (/Users/hashiifabdillah/clone elkapi/elkaavie/frontend/node_modules/@babel/parser/lib/index.js:6745:32) {
  code: 'BABEL_PARSER_SYNTAX_ERROR',
  reasonCode: 'UnsupportedJsxValue',
  loc: Position { line: 68, column: 34, index: 3306 },
  pos: 3306,
  syntaxPlugin: 'jsx'
}
10:59:08 AM [vite] Internal server error:   [31mx[0m Unexpected token `section`. Expected jsx identifier
    ,-[[36;1;4m/Users/hashiifabdillah/clone elkapi/elkaavie/frontend/src/components/home/RoomDetails.tsx[0m:36:1]
 [2m33[0m |   ];
 [2m34[0m | 
 [2m35[0m |   return (
 [2m36[0m |     <section id="room" className="py-20 bg-white">
    : [35;1m     ^^^^^^^[0m
 [2m37[0m |       <Container>
 [2m38[0m |         <div className="max-w-3xl mx-auto text-center mb-16">
 [2m39[0m |           <CustomBadge className="mb-3">{translations.home.room.details}</CustomBadge>
    `----


Caused by:
    Syntax Error
  Plugin: vite:react-swc
  File: /Users/hashiifabdillah/clone elkapi/elkaavie/frontend/src/components/home/RoomDetails.tsx
  
10:59:11 AM [vite] hmr update /src/components/home/RoomDetails.tsx, /src/index.css
10:59:21 AM [vite] hmr update /src/components/home/RoomDetails.tsx, /src/index.css
10:59:24 AM [vite] hmr update /src/components/home/RoomDetails.tsx, /src/index.css
10:59:27 AM [vite] hmr update /src/components/home/RoomDetails.tsx, /src/index.css
10:59:32 AM [vite] hmr update /src/components/home/RoomDetails.tsx, /src/index.css
10:59:34 AM [vite] hmr update /src/components/home/RoomDetails.tsx, /src/index.css
10:59:43 AM [vite] hmr update /src/components/home/RoomDetails.tsx, /src/index.css
10:59:47 AM [vite] hmr update /src/components/home/RoomDetails.tsx, /src/index.css
11:00:12 AM [vite] hmr update /src/components/home/RoomDetails.tsx, /src/index.css
11:00:19 AM [vite] hmr update /src/components/home/RoomDetails.tsx, /src/index.css
11:00:35 AM [vite] hmr update /src/components/home/RoomDetails.tsx, /src/index.css
11:01:16 AM [vite] hmr update /src/components/home/RoomDetails.tsx, /src/index.css
11:02:52 AM [vite] hmr update /src/components/home/RoomDetails.tsx, /src/index.css
11:04:52 AM [vite] hmr update /src/components/home/RoomDetails.tsx, /src/index.css
11:05:44 AM [vite] hmr update /src/components/home/RoomDetails.tsx, /src/index.css
